# JRE version: OpenJDK Runtime Environment (8.0_242-b01) (build 1.8.0_242-release-1644-b01)
# Java VM: OpenJDK 64-Bit Server VM (25.242-b01 mixed mode windows-amd64 compressed oops)
Heap:
 PSYoungGen      total 134144K, used 89180K [0x00000000d5580000, 0x00000000de480000, 0x0000000100000000)
  eden space 121856K, 73% used [0x00000000d5580000,0x00000000dac973c8,0x00000000dcc80000)
  from space 12288K, 0% used [0x00000000dcc80000,0x00000000dcc80000,0x00000000dd880000)
  to   space 11264K, 0% used [0x00000000dd980000,0x00000000dd980000,0x00000000de480000)
 ParOldGen       total 82432K, used 16446K [0x0000000080000000, 0x0000000085080000, 0x00000000d5580000)
  object space 82432K, 19% used [0x0000000080000000,0x000000008100f8a0,0x0000000085080000)
 Metaspace       used 37683K, capacity 39218K, committed 39336K, reserved 1083392K
  class space    used 5186K, capacity 5518K, committed 5544K, reserved 1048576K
GC Heap History (10 events):
Event: 6.105 GC heap before
{Heap before GC invocations=5 (full 1):
 PSYoungGen      total 76288K, used 7844K [0x00000000d5580000, 0x00000000daa80000, 0x0000000100000000)
  eden space 65536K, 0% used [0x00000000d5580000,0x00000000d5580000,0x00000000d9580000)
  from space 10752K, 72% used [0x00000000da000000,0x00000000da7a90a0,0x00000000daa80000)
  to   space 10752K, 0% used [0x00000000d9580000,0x00000000d9580000,0x00000000da000000)
 ParOldGen       total 175104K, used 1580K [0x0000000080000000, 0x000000008ab00000, 0x00000000d5580000)
  object space 175104K, 0% used [0x0000000080000000,0x000000008018b300,0x000000008ab00000)
 Metaspace       used 20531K, capacity 21224K, committed 21296K, reserved 1067008K
  class space    used 2878K, capacity 3096K, committed 3120K, reserved 1048576K
Event: 6.126 GC heap after
Heap after GC invocations=5 (full 1):
 PSYoungGen      total 76288K, used 0K [0x00000000d5580000, 0x00000000daa80000, 0x0000000100000000)
  eden space 65536K, 0% used [0x00000000d5580000,0x00000000d5580000,0x00000000d9580000)
  from space 10752K, 0% used [0x00000000da000000,0x00000000da000000,0x00000000daa80000)
  to   space 10752K, 0% used [0x00000000d9580000,0x00000000d9580000,0x00000000da000000)
 ParOldGen       total 82432K, used 7706K [0x0000000080000000, 0x0000000085080000, 0x00000000d5580000)
  object space 82432K, 9% used [0x0000000080000000,0x0000000080786870,0x0000000085080000)
 Metaspace       used 20531K, capacity 21224K, committed 21296K, reserved 1067008K
  class space    used 2878K, capacity 3096K, committed 3120K, reserved 1048576K
}
Event: 6.667 GC heap before
{Heap before GC invocations=6 (full 1):
 PSYoungGen      total 76288K, used 65536K [0x00000000d5580000, 0x00000000daa80000, 0x0000000100000000)
  eden space 65536K, 100% used [0x00000000d5580000,0x00000000d9580000,0x00000000d9580000)
  from space 10752K, 0% used [0x00000000da000000,0x00000000da000000,0x00000000daa80000)
  to   space 10752K, 0% used [0x00000000d9580000,0x00000000d9580000,0x00000000da000000)
 ParOldGen       total 82432K, used 7706K [0x0000000080000000, 0x0000000085080000, 0x00000000d5580000)
  object space 82432K, 9% used [0x0000000080000000,0x0000000080786870,0x0000000085080000)
 Metaspace       used 27888K, capacity 28650K, committed 28976K, reserved 1075200K
  class space    used 3840K, capacity 4074K, committed 4144K, reserved 1048576K
Event: 6.671 GC heap after
Heap after GC invocations=6 (full 1):
 PSYoungGen      total 76288K, used 7616K [0x00000000d5580000, 0x00000000de600000, 0x0000000100000000)
  eden space 65536K, 0% used [0x00000000d5580000,0x00000000d5580000,0x00000000d9580000)
  from space 10752K, 70% used [0x00000000d9580000,0x00000000d9cf0300,0x00000000da000000)
  to   space 12800K, 0% used [0x00000000dd980000,0x00000000dd980000,0x00000000de600000)
 ParOldGen       total 82432K, used 7714K [0x0000000080000000, 0x0000000085080000, 0x00000000d5580000)
  object space 82432K, 9% used [0x0000000080000000,0x0000000080788870,0x0000000085080000)
 Metaspace       used 27888K, capacity 28650K, committed 28976K, reserved 1075200K
  class space    used 3840K, capacity 4074K, committed 4144K, reserved 1048576K
}
Event: 7.100 GC heap before
{Heap before GC invocations=7 (full 1):
 PSYoungGen      total 76288K, used 73152K [0x00000000d5580000, 0x00000000de600000, 0x0000000100000000)
  eden space 65536K, 100% used [0x00000000d5580000,0x00000000d9580000,0x00000000d9580000)
  from space 10752K, 70% used [0x00000000d9580000,0x00000000d9cf0300,0x00000000da000000)
  to   space 12800K, 0% used [0x00000000dd980000,0x00000000dd980000,0x00000000de600000)
 ParOldGen       total 82432K, used 7714K [0x0000000080000000, 0x0000000085080000, 0x00000000d5580000)
  object space 82432K, 9% used [0x0000000080000000,0x0000000080788870,0x0000000085080000)
 Metaspace       used 32105K, capacity 33040K, committed 33328K, reserved 1077248K
  class space    used 4341K, capacity 4621K, committed 4656K, reserved 1048576K
Event: 7.107 GC heap after
Heap after GC invocations=7 (full 1):
 PSYoungGen      total 133120K, used 8242K [0x00000000d5580000, 0x00000000de480000, 0x0000000100000000)
  eden space 121856K, 0% used [0x00000000d5580000,0x00000000d5580000,0x00000000dcc80000)
  from space 11264K, 73% used [0x00000000dd980000,0x00000000de18c890,0x00000000de480000)
  to   space 12288K, 0% used [0x00000000dcc80000,0x00000000dcc80000,0x00000000dd880000)
 ParOldGen       total 82432K, used 7722K [0x0000000080000000, 0x0000000085080000, 0x00000000d5580000)
  object space 82432K, 9% used [0x0000000080000000,0x000000008078a870,0x0000000085080000)
 Metaspace       used 32105K, capacity 33040K, committed 33328K, reserved 1077248K
  class space    used 4341K, capacity 4621K, committed 4656K, reserved 1048576K
}
Event: 7.371 GC heap before
{Heap before GC invocations=8 (full 1):
 PSYoungGen      total 133120K, used 51261K [0x00000000d5580000, 0x00000000de480000, 0x0000000100000000)
  eden space 121856K, 35% used [0x00000000d5580000,0x00000000d7f82ec0,0x00000000dcc80000)
  from space 11264K, 73% used [0x00000000dd980000,0x00000000de18c890,0x00000000de480000)
  to   space 12288K, 0% used [0x00000000dcc80000,0x00000000dcc80000,0x00000000dd880000)
 ParOldGen       total 82432K, used 7722K [0x0000000080000000, 0x0000000085080000, 0x00000000d5580000)
  object space 82432K, 9% used [0x0000000080000000,0x000000008078a870,0x0000000085080000)
 Metaspace       used 34343K, capacity 35380K, committed 35496K, reserved 1079296K
  class space    used 4667K, capacity 4942K, committed 5032K, reserved 1048576K
Event: 7.377 GC heap after
Heap after GC invocations=8 (full 1):
 PSYoungGen      total 134144K, used 9261K [0x00000000d5580000, 0x00000000de480000, 0x0000000100000000)
  eden space 121856K, 0% used [0x00000000d5580000,0x00000000d5580000,0x00000000dcc80000)
  from space 12288K, 75% used [0x00000000dcc80000,0x00000000dd58b488,0x00000000dd880000)
  to   space 11264K, 0% used [0x00000000dd980000,0x00000000dd980000,0x00000000de480000)
 ParOldGen       total 82432K, used 7730K [0x0000000080000000, 0x0000000085080000, 0x00000000d5580000)
  object space 82432K, 9% used [0x0000000080000000,0x000000008078c870,0x0000000085080000)
 Metaspace       used 34343K, capacity 35380K, committed 35496K, reserved 1079296K
  class space    used 4667K, capacity 4942K, committed 5032K, reserved 1048576K
}
Event: 7.377 GC heap before
{Heap before GC invocations=9 (full 2):
 PSYoungGen      total 134144K, used 9261K [0x00000000d5580000, 0x00000000de480000, 0x0000000100000000)
  eden space 121856K, 0% used [0x00000000d5580000,0x00000000d5580000,0x00000000dcc80000)
  from space 12288K, 75% used [0x00000000dcc80000,0x00000000dd58b488,0x00000000dd880000)
  to   space 11264K, 0% used [0x00000000dd980000,0x00000000dd980000,0x00000000de480000)
 ParOldGen       total 82432K, used 7730K [0x0000000080000000, 0x0000000085080000, 0x00000000d5580000)
  object space 82432K, 9% used [0x0000000080000000,0x000000008078c870,0x0000000085080000)
 Metaspace       used 34343K, capacity 35380K, committed 35496K, reserved 1079296K
  class space    used 4667K, capacity 4942K, committed 5032K, reserved 1048576K
Event: 7.406 GC heap after
Heap after GC invocations=9 (full 2):
 PSYoungGen      total 134144K, used 0K [0x00000000d5580000, 0x00000000de480000, 0x0000000100000000)
  eden space 121856K, 0% used [0x00000000d5580000,0x00000000d5580000,0x00000000dcc80000)
  from space 12288K, 0% used [0x00000000dcc80000,0x00000000dcc80000,0x00000000dd880000)
  to   space 11264K, 0% used [0x00000000dd980000,0x00000000dd980000,0x00000000de480000)
 ParOldGen       total 82432K, used 16446K [0x0000000080000000, 0x0000000085080000, 0x00000000d5580000)
  object space 82432K, 19% used [0x0000000080000000,0x000000008100f8a0,0x0000000085080000)
 Metaspace       used 34343K, capacity 35380K, committed 35496K, reserved 1079296K
  class space    used 4667K, capacity 4942K, committed 5032K, reserved 1048576K
}

